<?xml version="1.0" encoding="utf-8"?><testsuites name="pytest tests"><testsuite name="pytest" errors="0" failures="0" skipped="0" tests="22" time="7.212" timestamp="2026-05-01T02:53:40.130024+00:00" hostname="agent-env-7a57f337-841a-4703-8762-048ef1649de8"><testcase classname="backend.tests.test_vantagelife.TestAuth" name="test_demo_login_invalid" time="0.499" /><testcase classname="backend.tests.test_vantagelife.TestAuth" name="test_auth_me" time="1.422" /><testcase classname="backend.tests.test_vantagelife.TestAuth" name="test_auth_me_unauthenticated" time="0.112" /><testcase classname="backend.tests.test_vantagelife.TestAuth" name="test_logout_invalidates" time="0.567" /><testcase classname="backend.tests.test_vantagelife.TestDashboard" name="test_summary_rbac_full_agency" time="0.119" /><testcase classname="backend.tests.test_vantagelife.TestDashboard" name="test_summary_rbac_scoped" time="0.350" /><testcase classname="backend.tests.test_vantagelife.TestDashboard" name="test_ticker" time="0.126" /><testcase classname="backend.tests.test_vantagelife.TestDashboard" name="test_platinum_wall" time="0.117" /><testcase classname="backend.tests.test_vantagelife.TestDashboard" name="test_offices_5_rows" time="0.110" /><testcase classname="backend.tests.test_vantagelife.TestTeam" name="test_team_forbidden_level_1" time="0.122" /><testcase classname="backend.tests.test_vantagelife.TestTeam" name="test_team_ok_level_2_plus" time="0.402" /><testcase classname="backend.tests.test_vantagelife.TestPulse" name="test_pulse_submit_and_today" time="0.233" /><testcase classname="backend.tests.test_vantagelife.TestPulse" name="test_pulse_streak" time="0.125" /><testcase classname="backend.tests.test_vantagelife.TestManager" name="test_audit_forbidden_for_non_level_4" time="0.349" /><testcase classname="backend.tests.test_vantagelife.TestManager" name="test_audit_level_4_ok" time="0.123" /><testcase classname="backend.tests.test_vantagelife.TestManager" name="test_erase_requires_level_4" time="0.340" /><testcase classname="backend.tests.test_vantagelife.TestManager" name="test_erase_reason_length_validation" time="0.352" /><testcase classname="backend.tests.test_vantagelife.TestManager" name="test_erase_flow_and_audit" time="0.674" /><testcase classname="backend.tests.test_vantagelife.TestVault" name="test_vault_weeks_level_4" time="0.106" /><testcase classname="backend.tests.test_vantagelife.TestVault" name="test_vault_weeks_forbidden" time="0.106" /><testcase classname="backend.tests.test_vantagelife.TestVault" name="test_vault_compare" time="0.226" /><testcase classname="backend.tests.test_vantagelife.TestShoutouts" name="test_shoutouts_visible" time="0.474" /></testsuite></testsuites>